

============================== 2022-10-11 20:58:37.982232 | ef2372f2-c789-4ddb-a981-798210423b86 ==============================
[0m20:58:37.982242 [info ] [MainThread]: Running with dbt=1.2.2
[0m20:58:37.982610 [debug] [MainThread]: running dbt with arguments {'write_json': True, 'use_colors': True, 'printer_width': 80, 'version_check': True, 'partial_parse': True, 'static_parser': True, 'profiles_dir': '/home/jfriedman/.dbt', 'send_anonymous_usage_stats': True, 'event_buffer_size': 100000, 'quiet': False, 'no_print': False, 'config_dir': False, 'which': 'debug', 'indirect_selection': 'eager'}
[0m20:58:37.982786 [debug] [MainThread]: Tracking: tracking
[0m20:58:37.985222 [debug] [MainThread]: Sending event: {'category': 'dbt', 'action': 'invocation', 'label': 'start', 'context': [<snowplow_tracker.self_describing_json.SelfDescribingJson object at 0x7f7cab969c60>, <snowplow_tracker.self_describing_json.SelfDescribingJson object at 0x7f7cab968550>, <snowplow_tracker.self_describing_json.SelfDescribingJson object at 0x7f7cab968280>]}
[0m20:58:38.048035 [debug] [MainThread]: Executing "git --help"
[0m20:58:38.050337 [debug] [MainThread]: STDOUT: "b"usage: git [--version] [--help] [-C <path>] [-c <name>=<value>]\n           [--exec-path[=<path>]] [--html-path] [--man-path] [--info-path]\n           [-p | --paginate | -P | --no-pager] [--no-replace-objects] [--bare]\n           [--git-dir=<path>] [--work-tree=<path>] [--namespace=<name>]\n           <command> [<args>]\n\nThese are common Git commands used in various situations:\n\nstart a working area (see also: git help tutorial)\n   clone             Clone a repository into a new directory\n   init              Create an empty Git repository or reinitialize an existing one\n\nwork on the current change (see also: git help everyday)\n   add               Add file contents to the index\n   mv                Move or rename a file, a directory, or a symlink\n   restore           Restore working tree files\n   rm                Remove files from the working tree and from the index\n   sparse-checkout   Initialize and modify the sparse-checkout\n\nexamine the history and state (see also: git help revisions)\n   bisect            Use binary search to find the commit that introduced a bug\n   diff              Show changes between commits, commit and working tree, etc\n   grep              Print lines matching a pattern\n   log               Show commit logs\n   show              Show various types of objects\n   status            Show the working tree status\n\ngrow, mark and tweak your common history\n   branch            List, create, or delete branches\n   commit            Record changes to the repository\n   merge             Join two or more development histories together\n   rebase            Reapply commits on top of another base tip\n   reset             Reset current HEAD to the specified state\n   switch            Switch branches\n   tag               Create, list, delete or verify a tag object signed with GPG\n\ncollaborate (see also: git help workflows)\n   fetch             Download objects and refs from another repository\n   pull              Fetch from and integrate with another repository or a local branch\n   push              Update remote refs along with associated objects\n\n'git help -a' and 'git help -g' list available subcommands and some\nconcept guides. See 'git help <command>' or 'git help <concept>'\nto read about a specific subcommand or concept.\nSee 'git help git' for an overview of the system.\n""
[0m20:58:38.050528 [debug] [MainThread]: STDERR: "b''"
[0m20:58:38.050762 [debug] [MainThread]: Sending event: {'category': 'dbt', 'action': 'invocation', 'label': 'end', 'context': [<snowplow_tracker.self_describing_json.SelfDescribingJson object at 0x7f7caa104220>, <snowplow_tracker.self_describing_json.SelfDescribingJson object at 0x7f7caa10a470>, <snowplow_tracker.self_describing_json.SelfDescribingJson object at 0x7f7caa10a350>]}
[0m20:58:38.050999 [debug] [MainThread]: Flushing usage events


============================== 2022-10-11 21:01:24.691965 | 348f6578-487f-4aa3-a00f-0f1b4de6d4ac ==============================
[0m21:01:24.691976 [info ] [MainThread]: Running with dbt=1.2.2
[0m21:01:24.692405 [debug] [MainThread]: running dbt with arguments {'write_json': True, 'use_colors': True, 'printer_width': 80, 'version_check': True, 'partial_parse': True, 'static_parser': True, 'profiles_dir': '/home/jfriedman/.dbt', 'send_anonymous_usage_stats': True, 'event_buffer_size': 100000, 'quiet': False, 'no_print': False, 'config_dir': False, 'which': 'debug', 'indirect_selection': 'eager'}
[0m21:01:24.692583 [debug] [MainThread]: Tracking: tracking
[0m21:01:24.695626 [debug] [MainThread]: Sending event: {'category': 'dbt', 'action': 'invocation', 'label': 'start', 'context': [<snowplow_tracker.self_describing_json.SelfDescribingJson object at 0x7f474d4c1c90>, <snowplow_tracker.self_describing_json.SelfDescribingJson object at 0x7f474d4c0460>, <snowplow_tracker.self_describing_json.SelfDescribingJson object at 0x7f474d4c0310>]}
[0m21:01:24.770991 [debug] [MainThread]: Executing "git --help"
[0m21:01:24.774463 [debug] [MainThread]: STDOUT: "b"usage: git [--version] [--help] [-C <path>] [-c <name>=<value>]\n           [--exec-path[=<path>]] [--html-path] [--man-path] [--info-path]\n           [-p | --paginate | -P | --no-pager] [--no-replace-objects] [--bare]\n           [--git-dir=<path>] [--work-tree=<path>] [--namespace=<name>]\n           <command> [<args>]\n\nThese are common Git commands used in various situations:\n\nstart a working area (see also: git help tutorial)\n   clone             Clone a repository into a new directory\n   init              Create an empty Git repository or reinitialize an existing one\n\nwork on the current change (see also: git help everyday)\n   add               Add file contents to the index\n   mv                Move or rename a file, a directory, or a symlink\n   restore           Restore working tree files\n   rm                Remove files from the working tree and from the index\n   sparse-checkout   Initialize and modify the sparse-checkout\n\nexamine the history and state (see also: git help revisions)\n   bisect            Use binary search to find the commit that introduced a bug\n   diff              Show changes between commits, commit and working tree, etc\n   grep              Print lines matching a pattern\n   log               Show commit logs\n   show              Show various types of objects\n   status            Show the working tree status\n\ngrow, mark and tweak your common history\n   branch            List, create, or delete branches\n   commit            Record changes to the repository\n   merge             Join two or more development histories together\n   rebase            Reapply commits on top of another base tip\n   reset             Reset current HEAD to the specified state\n   switch            Switch branches\n   tag               Create, list, delete or verify a tag object signed with GPG\n\ncollaborate (see also: git help workflows)\n   fetch             Download objects and refs from another repository\n   pull              Fetch from and integrate with another repository or a local branch\n   push              Update remote refs along with associated objects\n\n'git help -a' and 'git help -g' list available subcommands and some\nconcept guides. See 'git help <command>' or 'git help <concept>'\nto read about a specific subcommand or concept.\nSee 'git help git' for an overview of the system.\n""
[0m21:01:24.774710 [debug] [MainThread]: STDERR: "b''"
[0m21:01:24.778038 [debug] [MainThread]: Acquiring new postgres connection "debug"
[0m21:01:24.778304 [debug] [MainThread]: Using postgres connection "debug"
[0m21:01:24.778502 [debug] [MainThread]: On debug: select 1 as id
[0m21:01:24.778676 [debug] [MainThread]: Opening a new connection, currently in state init
[0m21:01:24.786188 [debug] [MainThread]: SQL status: SELECT 1 in 0.01 seconds
[0m21:01:24.787661 [debug] [MainThread]: On debug: Close
[0m21:01:24.788157 [debug] [MainThread]: Sending event: {'category': 'dbt', 'action': 'invocation', 'label': 'end', 'context': [<snowplow_tracker.self_describing_json.SelfDescribingJson object at 0x7f474bc6d870>, <snowplow_tracker.self_describing_json.SelfDescribingJson object at 0x7f474bc84550>, <snowplow_tracker.self_describing_json.SelfDescribingJson object at 0x7f474bc84a90>]}
[0m21:01:24.788528 [debug] [MainThread]: Flushing usage events
[0m21:01:25.184346 [debug] [MainThread]: Connection 'debug' was properly closed.


============================== 2022-10-30 00:25:21.418742 | 853c9943-3d26-4c3d-b287-d0dfea640ff5 ==============================
[0m00:25:21.418753 [info ] [MainThread]: Running with dbt=1.3.0
[0m00:25:21.419158 [debug] [MainThread]: running dbt with arguments {'write_json': True, 'use_colors': True, 'printer_width': 80, 'version_check': True, 'partial_parse': True, 'static_parser': True, 'profiles_dir': '/home/jfriedman/.dbt', 'send_anonymous_usage_stats': True, 'event_buffer_size': 100000, 'quiet': False, 'no_print': False, 'project_name': 'jaffle_shop', 'skip_profile_setup': False, 'which': 'init', 'indirect_selection': 'eager'}
[0m00:25:21.419358 [debug] [MainThread]: Tracking: tracking
[0m00:25:21.422334 [debug] [MainThread]: Sending event: {'category': 'dbt', 'action': 'invocation', 'label': 'start', 'context': [<snowplow_tracker.self_describing_json.SelfDescribingJson object at 0x7fc3c9fe3490>, <snowplow_tracker.self_describing_json.SelfDescribingJson object at 0x7fc3c9fe0790>, <snowplow_tracker.self_describing_json.SelfDescribingJson object at 0x7fc3c9fe34f0>]}
[0m00:25:21.422658 [info ] [MainThread]: Setting up your profile.
[0m00:25:25.412156 [debug] [MainThread]: Sending event: {'category': 'dbt', 'action': 'invocation', 'label': 'end', 'context': [<snowplow_tracker.self_describing_json.SelfDescribingJson object at 0x7fc3c9fe0790>, <snowplow_tracker.self_describing_json.SelfDescribingJson object at 0x7fc3c9fe3550>, <snowplow_tracker.self_describing_json.SelfDescribingJson object at 0x7fc3c9fe3e20>]}
[0m00:25:25.413239 [debug] [MainThread]: Flushing usage events


============================== 2022-10-30 00:26:15.441589 | 413f0271-ecd7-4ee3-bae2-f4247bb58882 ==============================
[0m00:26:15.441601 [info ] [MainThread]: Running with dbt=1.3.0
[0m00:26:15.442011 [debug] [MainThread]: running dbt with arguments {'write_json': True, 'use_colors': True, 'printer_width': 80, 'version_check': True, 'partial_parse': True, 'static_parser': True, 'profiles_dir': '/home/jfriedman/.dbt', 'send_anonymous_usage_stats': True, 'event_buffer_size': 100000, 'quiet': False, 'no_print': False, 'config_dir': False, 'which': 'debug', 'indirect_selection': 'eager'}
[0m00:26:15.442197 [debug] [MainThread]: Tracking: tracking
[0m00:26:15.445380 [debug] [MainThread]: Sending event: {'category': 'dbt', 'action': 'invocation', 'label': 'start', 'context': [<snowplow_tracker.self_describing_json.SelfDescribingJson object at 0x7f0e70b94760>, <snowplow_tracker.self_describing_json.SelfDescribingJson object at 0x7f0e70b97550>, <snowplow_tracker.self_describing_json.SelfDescribingJson object at 0x7f0e70b94820>]}
[0m00:26:15.505014 [debug] [MainThread]: Executing "git --help"
[0m00:26:15.508212 [debug] [MainThread]: STDOUT: "b"usage: git [--version] [--help] [-C <path>] [-c <name>=<value>]\n           [--exec-path[=<path>]] [--html-path] [--man-path] [--info-path]\n           [-p | --paginate | -P | --no-pager] [--no-replace-objects] [--bare]\n           [--git-dir=<path>] [--work-tree=<path>] [--namespace=<name>]\n           <command> [<args>]\n\nThese are common Git commands used in various situations:\n\nstart a working area (see also: git help tutorial)\n   clone             Clone a repository into a new directory\n   init              Create an empty Git repository or reinitialize an existing one\n\nwork on the current change (see also: git help everyday)\n   add               Add file contents to the index\n   mv                Move or rename a file, a directory, or a symlink\n   restore           Restore working tree files\n   rm                Remove files from the working tree and from the index\n   sparse-checkout   Initialize and modify the sparse-checkout\n\nexamine the history and state (see also: git help revisions)\n   bisect            Use binary search to find the commit that introduced a bug\n   diff              Show changes between commits, commit and working tree, etc\n   grep              Print lines matching a pattern\n   log               Show commit logs\n   show              Show various types of objects\n   status            Show the working tree status\n\ngrow, mark and tweak your common history\n   branch            List, create, or delete branches\n   commit            Record changes to the repository\n   merge             Join two or more development histories together\n   rebase            Reapply commits on top of another base tip\n   reset             Reset current HEAD to the specified state\n   switch            Switch branches\n   tag               Create, list, delete or verify a tag object signed with GPG\n\ncollaborate (see also: git help workflows)\n   fetch             Download objects and refs from another repository\n   pull              Fetch from and integrate with another repository or a local branch\n   push              Update remote refs along with associated objects\n\n'git help -a' and 'git help -g' list available subcommands and some\nconcept guides. See 'git help <command>' or 'git help <concept>'\nto read about a specific subcommand or concept.\nSee 'git help git' for an overview of the system.\n""
[0m00:26:15.508416 [debug] [MainThread]: STDERR: "b''"
[0m00:26:15.524628 [debug] [MainThread]: Acquiring new postgres connection "debug"
[0m00:26:15.525307 [debug] [MainThread]: Using postgres connection "debug"
[0m00:26:15.525797 [debug] [MainThread]: On debug: select 1 as id
[0m00:26:15.526256 [debug] [MainThread]: Opening a new connection, currently in state init
[0m00:26:15.544898 [debug] [MainThread]: Postgres adapter: Got a retryable error when attempting to open a postgres connection.
1 attempts remaining. Retrying in 0 seconds.
Error:
connection to server at "localhost" (127.0.0.1), port 5432 failed: FATAL:  database "jaffle_shop" does not exist

[0m00:26:15.549351 [debug] [MainThread]: Postgres adapter: Error running SQL: select 1 as id
[0m00:26:15.549683 [debug] [MainThread]: Postgres adapter: Rolling back transaction.
[0m00:26:15.549975 [debug] [MainThread]: On debug: No close available on handle
[0m00:26:15.550403 [debug] [MainThread]: Sending event: {'category': 'dbt', 'action': 'invocation', 'label': 'end', 'context': [<snowplow_tracker.self_describing_json.SelfDescribingJson object at 0x7f0e70b960e0>, <snowplow_tracker.self_describing_json.SelfDescribingJson object at 0x7f0e70b95210>, <snowplow_tracker.self_describing_json.SelfDescribingJson object at 0x7f0e70b95690>]}
[0m00:26:15.550682 [debug] [MainThread]: Flushing usage events
[0m00:26:15.949596 [debug] [MainThread]: Connection 'debug' was properly closed.


============================== 2022-10-30 00:52:03.905155 | 4c39fdf2-9dbc-4224-82f2-0933473c4d8c ==============================
[0m00:52:03.905166 [info ] [MainThread]: Running with dbt=1.3.0
[0m00:52:03.905586 [debug] [MainThread]: running dbt with arguments {'write_json': True, 'use_colors': True, 'printer_width': 80, 'version_check': True, 'partial_parse': True, 'static_parser': True, 'profiles_dir': '/home/jfriedman/.dbt', 'send_anonymous_usage_stats': True, 'event_buffer_size': 100000, 'quiet': False, 'no_print': False, 'project_name': 'jaffle_shop', 'skip_profile_setup': False, 'which': 'init', 'indirect_selection': 'eager'}
[0m00:52:03.905772 [debug] [MainThread]: Tracking: tracking
[0m00:52:03.909226 [debug] [MainThread]: Sending event: {'category': 'dbt', 'action': 'invocation', 'label': 'start', 'context': [<snowplow_tracker.self_describing_json.SelfDescribingJson object at 0x7f498c9bbb80>, <snowplow_tracker.self_describing_json.SelfDescribingJson object at 0x7f498c9bbdf0>, <snowplow_tracker.self_describing_json.SelfDescribingJson object at 0x7f498c9bbbb0>]}
[0m00:52:03.910213 [debug] [MainThread]: Starter project path: /home/jfriedman/Software/python/lib/python3.10/site-packages/dbt/include/starter_project
[0m00:52:09.289514 [info ] [MainThread]: 
Your new dbt project "jaffle_shop" was created!

For more information on how to configure the profiles.yml file,
please consult the dbt documentation here:

  https://docs.getdbt.com/docs/configure-your-profile

One more thing:

Need help? Don't hesitate to reach out to us via GitHub issues or on Slack:

  https://community.getdbt.com/

Happy modeling!

[0m00:52:09.289938 [debug] [MainThread]: Sending event: {'category': 'dbt', 'action': 'invocation', 'label': 'end', 'context': [<snowplow_tracker.self_describing_json.SelfDescribingJson object at 0x7f498c9baa70>, <snowplow_tracker.self_describing_json.SelfDescribingJson object at 0x7f498c9bbb50>, <snowplow_tracker.self_describing_json.SelfDescribingJson object at 0x7f498c9ba650>]}
[0m00:52:09.290202 [debug] [MainThread]: Flushing usage events
